
2020-09-01 15:15:14,498:INFO:*********** Starting TEST_002_Login_DDT ***********
2020-09-01 15:15:14,498:INFO:************ Opening OrangeHRM Application ************
2020-09-01 15:15:22,490:INFO:***** Checking the Login Functionality with multiple users *****
2020-09-01 15:15:24,506:INFO:***** Entering 1 UserName *****
2020-09-01 15:15:24,578:INFO:***** Entering Password *****
2020-09-01 15:15:24,650:INFO:***** Clicking on Login Button *****
2020-09-01 15:15:30,420:INFO:***** Expected Condition met successfully *****
2020-09-01 15:15:33,494:INFO:***** Entering 2 UserName *****
2020-09-01 15:15:33,589:INFO:***** Entering Password *****
2020-09-01 15:15:33,661:INFO:***** Clicking on Login Button *****
2020-09-01 15:15:34,724:INFO:***** Expected Condition met successfully *****
2020-09-01 15:15:34,725:INFO:***** Entering 3 UserName *****
2020-09-01 15:15:34,789:INFO:***** Entering Password *****
2020-09-01 15:15:34,859:INFO:***** Clicking on Login Button *****
2020-09-01 15:15:35,606:INFO:***** Expected Condition met successfully *****
2020-09-01 15:15:35,606:INFO:***** Entering 4 UserName *****
2020-09-01 15:15:35,681:INFO:***** Entering Password *****
2020-09-01 15:15:35,744:INFO:***** Clicking on Login Button *****
2020-09-01 15:15:37,063:INFO:***** Expected Condition met successfully *****
2020-09-01 15:23:12,275:INFO:*********** Starting TEST_002_Login_DDT ***********
2020-09-01 15:23:12,275:INFO:************ Opening OrangeHRM Application ************
2020-09-01 15:23:20,344:INFO:***** Checking the Login Functionality with multiple users *****
2020-09-01 15:23:22,367:INFO:***** Entering 1 UserName *****
2020-09-01 15:23:22,447:INFO:***** Entering Password *****
2020-09-01 15:23:22,520:INFO:***** Clicking on Login Button *****
2020-09-01 15:23:28,350:INFO:***** Expected Condition met successfully *****
2020-09-01 15:23:31,514:INFO:***** Entering 2 UserName *****
2020-09-01 15:23:31,599:INFO:***** Entering Password *****
2020-09-01 15:23:31,670:INFO:***** Clicking on Login Button *****
2020-09-01 15:23:32,749:INFO:***** Expected Condition met successfully *****
2020-09-01 15:23:32,750:INFO:***** Entering 3 UserName *****
2020-09-01 15:23:32,815:INFO:***** Entering Password *****
2020-09-01 15:23:32,882:INFO:***** Clicking on Login Button *****
2020-09-01 15:23:33,649:INFO:***** Expected Condition met successfully *****
2020-09-01 15:23:33,649:INFO:***** Entering 4 UserName *****
2020-09-01 15:23:33,726:INFO:***** Entering Password *****
2020-09-01 15:23:33,794:INFO:***** Clicking on Login Button *****
2020-09-01 15:23:35,208:INFO:***** Expected Condition met successfully *****
2020-09-01 15:24:47,555:INFO:*********** Starting TEST_002_Login_DDT ***********
2020-09-01 15:24:47,555:INFO:************ Opening OrangeHRM Application ************
2020-09-01 15:24:55,467:INFO:***** Checking the Login Functionality with multiple users *****
2020-09-01 15:24:55,472:INFO:***** Entering 1 UserName *****
2020-09-01 15:24:55,545:INFO:***** Entering Password *****
2020-09-01 15:24:55,622:INFO:***** Clicking on Login Button *****
2020-09-01 15:25:03,437:INFO:***** Expected Condition met successfully *****
2020-09-01 15:25:05,629:INFO:***** Entering 2 UserName *****
2020-09-01 15:25:05,730:INFO:***** Entering Password *****
2020-09-01 15:25:05,801:INFO:***** Clicking on Login Button *****
2020-09-01 15:25:08,878:INFO:***** Expected Condition met successfully *****
2020-09-01 15:25:08,878:INFO:***** Entering 3 UserName *****
2020-09-01 15:25:08,946:INFO:***** Entering Password *****
2020-09-01 15:25:09,010:INFO:***** Clicking on Login Button *****
2020-09-01 15:25:11,757:INFO:***** Expected Condition met successfully *****
2020-09-01 15:25:11,757:INFO:***** Entering 4 UserName *****
2020-09-01 15:25:11,823:INFO:***** Entering Password *****
2020-09-01 15:25:11,891:INFO:***** Clicking on Login Button *****
2020-09-01 15:25:15,162:INFO:***** Expected Condition met successfully *****
2020-09-01 15:25:17,340:INFO:***** Login DDT test passed *****
2020-09-01 15:25:21,733:INFO:***** Closing Browser *****
2020-09-01 15:25:21,733:INFO:*********** Completed TEST_002_Login_DDT ***********
2020-09-01 15:25:21,734:INFO:***** End of TEST_002_Login_DDT *****
2020-09-01 15:26:32,959:INFO:**********Starting Test_001_Login**********
2020-09-01 15:26:32,959:INFO:********** WebTitle Test Started ***********
2020-09-01 15:26:32,959:INFO:***** Launching Browser *****
2020-09-01 15:26:40,867:INFO:***** Checking the Title of the WebPage *****
2020-09-01 15:26:40,872:INFO:***** Congrats!! Title is matching, Closing Browser *****
2020-09-01 15:26:46,079:INFO:************ Opening OrangeHRM Application ************
2020-09-01 15:26:53,937:INFO:***** Checking the Login Functionality *****
2020-09-01 15:26:55,942:INFO:***** Entering UserName *****
2020-09-01 15:26:56,019:INFO:***** Entering Password *****
2020-09-01 15:26:56,083:INFO:***** Clicking on Login Button *****
2020-09-01 15:27:01,664:INFO:***** Logged in Successfully *****
2020-09-01 15:27:04,738:INFO:***** Closing Browser *****
2020-09-01 15:27:09,913:INFO:*********** Starting TEST_002_Login_DDT ***********
2020-09-01 15:27:09,913:INFO:************ Opening OrangeHRM Application ************
2020-09-01 15:27:17,728:INFO:***** Checking the Login Functionality with multiple users *****
2020-09-01 15:27:17,733:INFO:***** Entering 1 UserName *****
2020-09-01 15:27:17,804:INFO:***** Entering Password *****
2020-09-01 15:27:17,874:INFO:***** Clicking on Login Button *****
2020-09-01 15:27:26,991:INFO:***** Expected Condition met successfully *****
2020-09-01 15:27:29,133:INFO:***** Entering 2 UserName *****
2020-09-01 15:27:29,229:INFO:***** Entering Password *****
2020-09-01 15:27:29,301:INFO:***** Clicking on Login Button *****
2020-09-01 15:27:32,375:INFO:***** Expected Condition met successfully *****
2020-09-01 15:27:32,376:INFO:***** Entering 3 UserName *****
2020-09-01 15:27:32,436:INFO:***** Entering Password *****
2020-09-01 15:27:32,502:INFO:***** Clicking on Login Button *****
2020-09-01 15:27:35,270:INFO:***** Expected Condition met successfully *****
2020-09-01 15:27:35,271:INFO:***** Entering 4 UserName *****
2020-09-01 15:27:35,342:INFO:***** Entering Password *****
2020-09-01 15:27:35,418:INFO:***** Clicking on Login Button *****
2020-09-01 15:27:38,848:INFO:***** Expected Condition met successfully *****
2020-09-01 15:27:40,926:INFO:***** Login DDT test passed *****
2020-09-01 15:27:45,344:INFO:***** Closing Browser *****
2020-09-01 15:27:45,345:INFO:*********** Completed TEST_002_Login_DDT ***********
2020-09-01 15:27:45,345:INFO:***** End of TEST_002_Login_DDT *****
2020-09-01 15:30:37,985:INFO:************ Opening OrangeHRM Application ************
2020-09-01 15:30:38,005:INFO:**********Starting Test_001_Login**********
2020-09-01 15:30:38,005:INFO:********** WebTitle Test Started ***********
2020-09-01 15:30:38,005:INFO:***** Launching Browser *****
2020-09-01 15:30:44,008:INFO:***** Checking the Login Functionality *****
2020-09-01 15:30:44,008:INFO:***** Checking the Title of the WebPage *****
2020-09-01 15:30:44,014:INFO:***** Congrats!! Title is matching, Closing Browser *****
2020-09-01 15:30:46,012:INFO:***** Entering UserName *****
2020-09-01 15:30:46,111:INFO:***** Entering Password *****
2020-09-01 15:30:46,202:INFO:***** Clicking on Login Button *****
2020-09-01 15:30:47,220:INFO:*********** Starting TEST_002_Login_DDT ***********
2020-09-01 15:30:47,220:INFO:************ Opening OrangeHRM Application ************
2020-09-01 15:30:53,094:INFO:***** Checking the Login Functionality with multiple users *****
2020-09-01 15:30:53,104:INFO:***** Entering 1 UserName *****
2020-09-01 15:30:53,213:INFO:***** Entering Password *****
2020-09-01 15:30:53,315:INFO:***** Clicking on Login Button *****
2020-09-01 15:30:53,681:INFO:***** Logged in Successfully *****
2020-09-01 15:30:55,903:INFO:***** Closing Browser *****
2020-09-01 15:31:00,755:INFO:***** Expected Condition met successfully *****
2020-09-01 15:31:02,898:INFO:***** Entering 2 UserName *****
2020-09-01 15:31:03,026:INFO:***** Entering Password *****
2020-09-01 15:31:03,130:INFO:***** Clicking on Login Button *****
2020-09-01 15:31:06,204:INFO:***** Expected Condition met successfully *****
2020-09-01 15:31:06,204:INFO:***** Entering 3 UserName *****
2020-09-01 15:31:06,293:INFO:***** Entering Password *****
2020-09-01 15:31:06,381:INFO:***** Clicking on Login Button *****
2020-09-01 15:31:09,153:INFO:***** Expected Condition met successfully *****
2020-09-01 15:31:09,154:INFO:***** Entering 4 UserName *****
2020-09-01 15:31:09,251:INFO:***** Entering Password *****
2020-09-01 15:31:09,337:INFO:***** Clicking on Login Button *****
2020-09-01 15:31:12,648:INFO:***** Expected Condition met successfully *****
2020-09-01 15:31:14,788:INFO:***** Login DDT test passed *****
2020-09-01 15:31:14,871:INFO:***** Closing Browser *****
2020-09-01 15:31:14,871:INFO:*********** Completed TEST_002_Login_DDT ***********
2020-09-01 15:31:14,871:INFO:***** End of TEST_002_Login_DDT *****
